<?xml version="1.0" encoding="UTF-8"?>
<!-- Generated by org.testng.reporters.JUnitReportReporter -->
<testsuite name="MyTest.TestProject.myClass" tests="3" time="18.865" ignored="0" failures="0" timestamp="01 Oct 2019 17:33:59 GMT" skipped="0" hostname="WindowProNew" errors="0">
  <testcase name="Test1" time="5.794" classname="MyTest.TestProject.myClass"/>
  <testcase name="Test3" time="8.030" classname="MyTest.TestProject.myClass"/>
  <testcase name="Test2" time="5.041" classname="MyTest.TestProject.myClass"/>
</testsuite> <!-- MyTest.TestProject.myClass -->
