<?xml version="1.0" encoding="UTF-8"?>
<!-- Generated by org.testng.reporters.JUnitReportReporter -->
<testsuite skipped="0" hostname="aseun-dco-hi007" name="MyTest.TestProject.myClass" tests="3" failures="0" timestamp="24 Sep 2019 06:58:35 GMT" time="20.297" errors="0">
  <testcase name="Test2" time="6.753" classname="MyTest.TestProject.myClass"/>
  <testcase name="Test1" time="6.770" classname="MyTest.TestProject.myClass"/>
  <testcase name="Test3" time="6.774" classname="MyTest.TestProject.myClass"/>
</testsuite> <!-- MyTest.TestProject.myClass -->
