<?xml version="1.0" encoding="UTF-8"?>
<!-- Generated by org.testng.reporters.JUnitReportReporter -->
<testsuite name="MyTest.TestProject.myClass" tests="3" time="10.691" ignored="0" failures="0" timestamp="24 Sep 2019 08:07:13 GMT" skipped="0" hostname="aseun-dco-hi007" errors="0">
  <testcase name="Test3" time="4.260" classname="MyTest.TestProject.myClass"/>
  <testcase name="Test1" time="3.209" classname="MyTest.TestProject.myClass"/>
  <testcase name="Test2" time="3.222" classname="MyTest.TestProject.myClass"/>
</testsuite> <!-- MyTest.TestProject.myClass -->
